
Circuit 1 cell sky130_fd_pr__pfet_01v8 and Circuit 2 cell sky130_fd_pr__pfet_01v8 are black boxes.
Warning: Equate pins:  cell sky130_fd_pr__pfet_01v8 is a placeholder, treated as a black box.
Warning: Equate pins:  cell sky130_fd_pr__pfet_01v8 is a placeholder, treated as a black box.

Subcircuit pins:
Circuit 1: sky130_fd_pr__pfet_01v8         |Circuit 2: sky130_fd_pr__pfet_01v8         
-------------------------------------------|-------------------------------------------
1                                          |1                                          
2                                          |2                                          
3                                          |3                                          
4                                          |4                                          
---------------------------------------------------------------------------------------
Cell pin lists are equivalent.
Device classes sky130_fd_pr__pfet_01v8 and sky130_fd_pr__pfet_01v8 are equivalent.

Circuit 1 cell sky130_fd_pr__nfet_01v8 and Circuit 2 cell sky130_fd_pr__nfet_01v8 are black boxes.
Warning: Equate pins:  cell sky130_fd_pr__nfet_01v8 is a placeholder, treated as a black box.
Warning: Equate pins:  cell sky130_fd_pr__nfet_01v8 is a placeholder, treated as a black box.

Subcircuit pins:
Circuit 1: sky130_fd_pr__nfet_01v8         |Circuit 2: sky130_fd_pr__nfet_01v8         
-------------------------------------------|-------------------------------------------
1                                          |1                                          
2                                          |2                                          
3                                          |3                                          
4                                          |4                                          
---------------------------------------------------------------------------------------
Cell pin lists are equivalent.
Device classes sky130_fd_pr__nfet_01v8 and sky130_fd_pr__nfet_01v8 are equivalent.
Flattening unmatched subcell sky130_fd_pr__pfet_01v8_7P3MHC in circuit nor (0)(2 instances)

Subcircuit summary:
Circuit 1: nor                             |Circuit 2: nor                             
-------------------------------------------|-------------------------------------------
sky130_fd_pr__pfet_01v8 (2)                |sky130_fd_pr__pfet_01v8 (2)                
sky130_fd_pr__nfet_01v8 (2)                |sky130_fd_pr__nfet_01v8 (2)                
Number of devices: 4                       |Number of devices: 4                       
Number of nets: 6                          |Number of nets: 6                          
---------------------------------------------------------------------------------------
Netlists match uniquely.

Subcircuit pins:
Circuit 1: nor                             |Circuit 2: nor                             
-------------------------------------------|-------------------------------------------
vss                                        |vss                                        
OUT                                        |OUT                                        
vdd                                        |vdd                                        
IN_A                                       |IN_A                                       
IN_B                                       |IN_B                                       
---------------------------------------------------------------------------------------
Cell pin lists are equivalent.
Device classes nor and nor are equivalent.

Subcircuit summary:
Circuit 1: sr_latch                        |Circuit 2: sr_latch                        
-------------------------------------------|-------------------------------------------
nor (2)                                    |nor (2)                                    
Number of devices: 2                       |Number of devices: 2                       
Number of nets: 6                          |Number of nets: 6                          
---------------------------------------------------------------------------------------
Resolving symmetries by property value.
Resolving symmetries by pin name.
Netlists match uniquely.

Subcircuit pins:
Circuit 1: sr_latch                        |Circuit 2: sr_latch                        
-------------------------------------------|-------------------------------------------
IN_R                                       |IN_R                                       
IN_S                                       |IN_S                                       
OUT_Q_B                                    |OUT_Q_B                                    
OUT_Q                                      |OUT_Q                                      
vdd                                        |vdd                                        
vss                                        |vss                                        
---------------------------------------------------------------------------------------
Cell pin lists are equivalent.
Device classes sr_latch and sr_latch are equivalent.

Final result: Circuits match uniquely.
.
